DistroSync Verification Test
=========================
Wednesday 26 March 2025 06:47:29 PM IST

1. Testing Export...
Starting package export...
Detecting distribution...
Detected package manager: pacman
Commands configured for pacman
Initialized PackageManager with pacman
Getting list of installed packages...
Listing packages using command: pacman -Qqe
Running command: pacman -Qqe
Command output: accountsservice
alsa-firmware
alsa-plugins
alsa-utils
argparse
ark
aspell
b43-fwcutter
base
base-devel
bash-completion
bind
bluedevil
bluez
bluez-utils
brave-bin
breeze-gtk
btrfs-progs
cantarell-fonts
cryptsetup
device-mapper
diffutils
discover
dmidecode
dmraid
dnsmasq
dolphin
dolphin-plugins
dosfstools
downgrade
dracut
duf
e2fsprogs
efibootmgr
efitools
endeavouros-branding
endeavouros-keyring
endeavouros-mirrorlist
eos-apps-info
eos-breeze-sddm
eos-hooks
eos-log-tool
eos-packagelist
eos-quickstart
eos-rankmirrors
eos-settings-plasma
ethtool
exfatprogs
f2fs-tools
ffmpegthumbnailer
ffmpegthumbs
firefox
firewalld
flatpak
fwupd
gammastep
geoclue
git
glances
go
google-chrome
gst-libav
gst-plugin-pipewire
gst-plugins-bad
gst-plugins-ugly
gwenview
haruna
haveged
hdparm
hwdetect
hwinfo
inetutils
intel-ucode
inxi
iptables-nft
iwd
jdk17-openjdk
jfsutils
kate
kcalc
kde-cli-tools
kde-gtk-config
kdeconnect
kdegraphics-thumbnailers
kdenetwork-filesharing
kdeplasma-addons
kernel-install-for-dracut
kgamma
kimageformats
kinfocenter
kio-admin
kio-extras
kio-fuse
konsole
kscreen
kwallet-pam
kwayland-integration
less
libappindicator-gtk3
libdvdcss
libgsf
libopenraw
libwnck3
linux
linux-firmware
linux-headers
logrotate
lsb-release
lsscsi
lvm2
maliit-keyboard
man-db
man-pages
mdadm
meld
mesa-utils
modemmanager
mtools
nano
nano-syntax-highlighting
neofetch
netctl
networkmanager
networkmanager-openconnect
networkmanager-openvpn
nfs-utils
nilfs-utils
nodejs
noto-fonts
noto-fonts-cjk
noto-fonts-emoji
noto-fonts-extra
npm
nss-mdns
ntfs-3g
ntp
okular
openssh
pacman-contrib
pavucontrol
perl
pipewire-alsa
pipewire-jack
pipewire-pulse
pkgfile
plasma-browser-integration
plasma-desktop
plasma-disks
plasma-firewall
plasma-nm
plasma-pa
plasma-systemmonitor
plasma-workspace
plocate
poppler-glib
postgresql
power-profiles-daemon
powerdevil
print-manager
pv
python
python-capng
python-defusedxml
python-django
python-packaging
python-pip
python-pyqt5
python-requests
qbittorrent
qt6-imageformats
rebuild-detector
redshift
reflector
reflector-simple
rsync
rtkit
s-nail
sddm-kcm
sg3_utils
smartmontools
sof-firmware
spectacle
sudo
sysfsutils
systemd-sysvcompat
texinfo
tldr
ttf-bitstream-vera
ttf-dejavu
ttf-liberation
ttf-opensans
unrar
unzip
upower
usb_modeswitch
usbutils
uv
vi
visual-studio-code-bin
welcome
wget
which
wireplumber
wlr-randr
wlsunset
wpa_supplicant
xdg-desktop-portal-kde
xdg-user-dirs
xdg-utils
xf86-input-libinput
xfsprogs
xl2tpd
xorg-server
xorg-xdpyinfo
xorg-xinit
xorg-xinput
xorg-xkill
xorg-xrandr
xsettingsd
xterm
xwaylandvideobridge
yay

Found 222 packages
Found 222 packages
Saving package list to verify_export.json...
✅ Successfully exported 222 packages to verify_export.json
✓ Export successful
Export file contents:
{
  "metadata": {
    "source_distro": "endeavouros",
    "distro_name": "EndeavourOS",
    "distro_version": "rolling",
    "export_date": "2025-03-26T18:47:32.415577"
  },
  "packages": [
    "accountsservice",
    "alsa-firmware",
    "alsa-plugins",
    "alsa-utils",
    "argparse",
    "ark",
    "aspell",
    "b43-fwcutter",
    "base",
    "base-devel",
    "bash-completion",
    "bind",
    "bluedevil",
    "bluez",
    "bluez-utils",
    "brave-bin",
    "breeze-gtk",
    "btrfs-progs",
    "cantarell-fonts",
    "cryptsetup",
    "device-mapper",
    "diffutils",
    "discover",
    "dmidecode",
    "dmraid",
    "dnsmasq",
    "dolphin",
    "dolphin-plugins",
    "dosfstools",
    "downgrade",
    "dracut",
    "duf",
    "e2fsprogs",
    "efibootmgr",
    "efitools",
    "endeavouros-branding",
    "endeavouros-keyring",
    "endeavouros-mirrorlist",
    "eos-apps-info",
    "eos-breeze-sddm",
    "eos-hooks",
    "eos-log-tool",
    "eos-packagelist",
    "eos-quickstart",
    "eos-rankmirrors",
    "eos-settings-plasma",
    "ethtool",
    "exfatprogs",
    "f2fs-tools",
    "ffmpegthumbnailer",
    "ffmpegthumbs",
    "firefox",
    "firewalld",
    "flatpak",
    "fwupd",
    "gammastep",
    "geoclue",
    "git",
    "glances",
    "go",
    "google-chrome",
    "gst-libav",
    "gst-plugin-pipewire",
    "gst-plugins-bad",
    "gst-plugins-ugly",
    "gwenview",
    "haruna",
    "haveged",
    "hdparm",
    "hwdetect",
    "hwinfo",
    "inetutils",
    "intel-ucode",
    "inxi",
    "iptables-nft",
    "iwd",
    "jdk17-openjdk",
    "jfsutils",
    "kate",
    "kcalc",
    "kde-cli-tools",
    "kde-gtk-config",
    "kdeconnect",
    "kdegraphics-thumbnailers",
    "kdenetwork-filesharing",
    "kdeplasma-addons",
    "kernel-install-for-dracut",
    "kgamma",
    "kimageformats",
    "kinfocenter",
    "kio-admin",
    "kio-extras",
    "kio-fuse",
    "konsole",
    "kscreen",
    "kwallet-pam",
    "kwayland-integration",
    "less",
    "libappindicator-gtk3",
    "libdvdcss",
    "libgsf",
    "libopenraw",
    "libwnck3",
    "linux",
    "linux-firmware",
    "linux-headers",
    "logrotate",
    "lsb-release",
    "lsscsi",
    "lvm2",
    "maliit-keyboard",
    "man-db",
    "man-pages",
    "mdadm",
    "meld",
    "mesa-utils",
    "modemmanager",
    "mtools",
    "nano",
    "nano-syntax-highlighting",
    "neofetch",
    "netctl",
    "networkmanager",
    "networkmanager-openconnect",
    "networkmanager-openvpn",
    "nfs-utils",
    "nilfs-utils",
    "nodejs",
    "noto-fonts",
    "noto-fonts-cjk",
    "noto-fonts-emoji",
    "noto-fonts-extra",
    "npm",
    "nss-mdns",
    "ntfs-3g",
    "ntp",
    "okular",
    "openssh",
    "pacman-contrib",
    "pavucontrol",
    "perl",
    "pipewire-alsa",
    "pipewire-jack",
    "pipewire-pulse",
    "pkgfile",
    "plasma-browser-integration",
    "plasma-desktop",
    "plasma-disks",
    "plasma-firewall",
    "plasma-nm",
    "plasma-pa",
    "plasma-systemmonitor",
    "plasma-workspace",
    "plocate",
    "poppler-glib",
    "postgresql",
    "power-profiles-daemon",
    "powerdevil",
    "print-manager",
    "pv",
    "python",
    "python-capng",
    "python-defusedxml",
    "python-django",
    "python-packaging",
    "python-pip",
    "python-pyqt5",
    "python-requests",
    "qbittorrent",
    "qt6-imageformats",
    "rebuild-detector",
    "redshift",
    "reflector",
    "reflector-simple",
    "rsync",
    "rtkit",
    "s-nail",
    "sddm-kcm",
    "sg3_utils",
    "smartmontools",
    "sof-firmware",
    "spectacle",
    "sudo",
    "sysfsutils",
    "systemd-sysvcompat",
    "texinfo",
    "tldr",
    "ttf-bitstream-vera",
    "ttf-dejavu",
    "ttf-liberation",
    "ttf-opensans",
    "unrar",
    "unzip",
    "upower",
    "usb_modeswitch",
    "usbutils",
    "uv",
    "vi",
    "visual-studio-code-bin",
    "welcome",
    "wget",
    "which",
    "wireplumber",
    "wlr-randr",
    "wlsunset",
    "wpa_supplicant",
    "xdg-desktop-portal-kde",
    "xdg-user-dirs",
    "xdg-utils",
    "xf86-input-libinput",
    "xfsprogs",
    "xl2tpd",
    "xorg-server",
    "xorg-xdpyinfo",
    "xorg-xinit",
    "xorg-xinput",
    "xorg-xkill",
    "xorg-xrandr",
    "xsettingsd",
    "xterm",
    "xwaylandvideobridge",
    "yay"
  ]
}
2. Testing Package Manager Detection...
NAME="EndeavourOS"
PRETTY_NAME="EndeavourOS"
ID="endeavouros"
ID_LIKE="arch"
BUILD_ID=rolling
ANSI_COLOR="38;2;23;147;209"
HOME_URL="https://endeavouros.com"
DOCUMENTATION_URL="https://discovery.endeavouros.com"
SUPPORT_URL="https://forum.endeavouros.com"
BUG_REPORT_URL="https://forum.endeavouros.com/c/general-system/endeavouros-installation"
PRIVACY_POLICY_URL="https://endeavouros.com/privacy-policy-2"
LOGO="endeavouros"

3. Testing Package Installation...
Checking if neofetch is installed:
/usr/bin/neofetch
✓ neofetch is installed
Neofetch 7.1.0

